[10.291s] Invoking command in '/home/agv1/myagv_ws/src/build/myagv_communication': PYTHONPATH=/home/agv1/myagv_ws/src/build/myagv_communication/prefix_override:/home/agv1/myagv_ws/src/install/myagv_communication/lib/python3.10/site-packages:${PYTHONPATH} /usr/bin/python3 -W ignore:setup.py install is deprecated setup.py develop --editable --build-directory /home/agv1/myagv_ws/src/build/myagv_communication/build --no-deps symlink_data
[15.337s] running develop
[18.618s] running egg_info
[18.619s] creating myagv_communication.egg-info
[18.620s] writing myagv_communication.egg-info/PKG-INFO
[18.623s] writing dependency_links to myagv_communication.egg-info/dependency_links.txt
[18.623s] writing entry points to myagv_communication.egg-info/entry_points.txt
[18.631s] writing requirements to myagv_communication.egg-info/requires.txt
[18.632s] writing top-level names to myagv_communication.egg-info/top_level.txt
[18.633s] writing manifest file 'myagv_communication.egg-info/SOURCES.txt'
[18.634s] reading manifest file 'myagv_communication.egg-info/SOURCES.txt'
[18.638s] writing manifest file 'myagv_communication.egg-info/SOURCES.txt'
[18.648s] running build_ext
[18.649s] Creating /home/agv1/myagv_ws/src/install/myagv_communication/lib/python3.10/site-packages/myagv-communication.egg-link (link to .)
[18.659s] Installing serial script to /home/agv1/myagv_ws/src/install/myagv_communication/lib/myagv_communication
[18.660s] 
[18.667s] Installed /home/agv1/myagv_ws/src/build/myagv_communication
[18.669s] running symlink_data
[18.670s] creating /home/agv1/myagv_ws/src/install/myagv_communication/share/ament_index
[18.672s] creating /home/agv1/myagv_ws/src/install/myagv_communication/share/ament_index/resource_index
[18.673s] creating /home/agv1/myagv_ws/src/install/myagv_communication/share/ament_index/resource_index/packages
[18.701s] symbolically linking /home/agv1/myagv_ws/src/build/myagv_communication/resource/myagv_communication -> /home/agv1/myagv_ws/src/install/myagv_communication/share/ament_index/resource_index/packages
[18.706s] symbolically linking /home/agv1/myagv_ws/src/build/myagv_communication/package.xml -> /home/agv1/myagv_ws/src/install/myagv_communication/share/myagv_communication
[18.711s] creating /home/agv1/myagv_ws/src/install/myagv_communication/share/myagv_communication/launch
[18.723s] symbolically linking /home/agv1/myagv_ws/src/build/myagv_communication/launch/myagv_communication.launch.py -> /home/agv1/myagv_ws/src/install/myagv_communication/share/myagv_communication/launch
[19.041s] Invoked command in '/home/agv1/myagv_ws/src/build/myagv_communication' returned '0': PYTHONPATH=/home/agv1/myagv_ws/src/build/myagv_communication/prefix_override:/home/agv1/myagv_ws/src/install/myagv_communication/lib/python3.10/site-packages:${PYTHONPATH} /usr/bin/python3 -W ignore:setup.py install is deprecated setup.py develop --editable --build-directory /home/agv1/myagv_ws/src/build/myagv_communication/build --no-deps symlink_data
