[0.668s] DEBUG:colcon:Command line arguments: ['/usr/bin/colcon', 'build', '--symlink-install']
[0.668s] DEBUG:colcon:Parsed command line arguments: Namespace(log_base=None, log_level=None, verb_name='build', build_base='build', install_base='install', merge_install=False, symlink_install=True, test_result_base=None, continue_on_error=False, executor='parallel', parallel_workers=4, event_handlers=None, ignore_user_meta=False, metas=['./colcon.meta'], base_paths=['.'], packages_ignore=None, packages_ignore_regex=None, paths=None, packages_up_to=None, packages_up_to_regex=None, packages_above=None, packages_above_and_dependencies=None, packages_above_depth=None, packages_select_by_dep=None, packages_skip_by_dep=None, packages_skip_up_to=None, packages_select_build_failed=False, packages_skip_build_finished=False, packages_select_test_failures=False, packages_skip_test_passed=False, packages_select=None, packages_skip=None, packages_select_regex=None, packages_skip_regex=None, packages_start=None, packages_end=None, allow_overriding=[], cmake_args=None, cmake_target=None, cmake_target_skip_unavailable=False, cmake_clean_cache=False, cmake_clean_first=False, cmake_force_configure=False, ament_cmake_args=None, catkin_cmake_args=None, catkin_skip_building_tests=False, mixin_files=None, mixin=None, verb_parser=<colcon_mixin.mixin.mixin_argument.MixinArgumentDecorator object at 0xffff8c514520>, verb_extension=<colcon_core.verb.build.BuildVerb object at 0xffff8c628c40>, main=<bound method BuildVerb.main of <colcon_core.verb.build.BuildVerb object at 0xffff8c628c40>>, mixin_verb=('build',))
[1.967s] Level 1:colcon.colcon_core.package_discovery:discover_packages(colcon_meta) check parameters
[1.968s] Level 1:colcon.colcon_core.package_discovery:discover_packages(recursive) check parameters
[1.968s] Level 1:colcon.colcon_core.package_discovery:discover_packages(ignore) check parameters
[1.968s] Level 1:colcon.colcon_core.package_discovery:discover_packages(path) check parameters
[1.968s] Level 1:colcon.colcon_core.package_discovery:discover_packages(colcon_meta) discover
[1.969s] Level 1:colcon.colcon_core.package_discovery:discover_packages(recursive) discover
[1.969s] INFO:colcon.colcon_core.package_discovery:Crawling recursively for packages in '/home/agv1/myagv_ws/src'
[1.969s] Level 1:colcon.colcon_core.package_identification:_identify(.) by extensions ['ignore', 'ignore_ament_install']
[1.970s] Level 1:colcon.colcon_core.package_identification:_identify(.) by extension 'ignore'
[1.970s] Level 1:colcon.colcon_core.package_identification:_identify(.) by extension 'ignore_ament_install'
[1.970s] Level 1:colcon.colcon_core.package_identification:_identify(.) by extensions ['colcon_pkg']
[1.971s] Level 1:colcon.colcon_core.package_identification:_identify(.) by extension 'colcon_pkg'
[1.971s] Level 1:colcon.colcon_core.package_identification:_identify(.) by extensions ['colcon_meta']
[1.971s] Level 1:colcon.colcon_core.package_identification:_identify(.) by extension 'colcon_meta'
[1.971s] Level 1:colcon.colcon_core.package_identification:_identify(.) by extensions ['ros']
[1.972s] Level 1:colcon.colcon_core.package_identification:_identify(.) by extension 'ros'
[2.073s] Level 1:colcon.colcon_core.package_identification:_identify(.) by extensions ['cmake', 'python']
[2.073s] Level 1:colcon.colcon_core.package_identification:_identify(.) by extension 'cmake'
[2.073s] Level 1:colcon.colcon_core.package_identification:_identify(.) by extension 'python'
[2.074s] Level 1:colcon.colcon_core.package_identification:_identify(.) by extensions ['python_setup_py']
[2.074s] Level 1:colcon.colcon_core.package_identification:_identify(.) by extension 'python_setup_py'
[2.075s] Level 1:colcon.colcon_core.package_identification:_identify(build) by extensions ['ignore', 'ignore_ament_install']
[2.075s] Level 1:colcon.colcon_core.package_identification:_identify(build) by extension 'ignore'
[2.075s] Level 1:colcon.colcon_core.package_identification:_identify(build) ignored
[2.076s] Level 1:colcon.colcon_core.package_identification:_identify(install) by extensions ['ignore', 'ignore_ament_install']
[2.076s] Level 1:colcon.colcon_core.package_identification:_identify(install) by extension 'ignore'
[2.076s] Level 1:colcon.colcon_core.package_identification:_identify(install) ignored
[2.077s] Level 1:colcon.colcon_core.package_identification:_identify(log) by extensions ['ignore', 'ignore_ament_install']
[2.077s] Level 1:colcon.colcon_core.package_identification:_identify(log) by extension 'ignore'
[2.077s] Level 1:colcon.colcon_core.package_identification:_identify(log) ignored
[2.078s] Level 1:colcon.colcon_core.package_identification:_identify(myagv_communication) by extensions ['ignore', 'ignore_ament_install']
[2.078s] Level 1:colcon.colcon_core.package_identification:_identify(myagv_communication) by extension 'ignore'
[2.079s] Level 1:colcon.colcon_core.package_identification:_identify(myagv_communication) by extension 'ignore_ament_install'
[2.079s] Level 1:colcon.colcon_core.package_identification:_identify(myagv_communication) by extensions ['colcon_pkg']
[2.079s] Level 1:colcon.colcon_core.package_identification:_identify(myagv_communication) by extension 'colcon_pkg'
[2.080s] Level 1:colcon.colcon_core.package_identification:_identify(myagv_communication) by extensions ['colcon_meta']
[2.080s] Level 1:colcon.colcon_core.package_identification:_identify(myagv_communication) by extension 'colcon_meta'
[2.080s] Level 1:colcon.colcon_core.package_identification:_identify(myagv_communication) by extensions ['ros']
[2.080s] Level 1:colcon.colcon_core.package_identification:_identify(myagv_communication) by extension 'ros'
[2.093s] DEBUG:colcon.colcon_core.package_identification:Package 'myagv_communication' with type 'ros.ament_python' and name 'myagv_communication'
[2.094s] Level 1:colcon.colcon_core.package_identification:_identify(myagv_description) by extensions ['ignore', 'ignore_ament_install']
[2.094s] Level 1:colcon.colcon_core.package_identification:_identify(myagv_description) by extension 'ignore'
[2.095s] Level 1:colcon.colcon_core.package_identification:_identify(myagv_description) by extension 'ignore_ament_install'
[2.095s] Level 1:colcon.colcon_core.package_identification:_identify(myagv_description) by extensions ['colcon_pkg']
[2.095s] Level 1:colcon.colcon_core.package_identification:_identify(myagv_description) by extension 'colcon_pkg'
[2.096s] Level 1:colcon.colcon_core.package_identification:_identify(myagv_description) by extensions ['colcon_meta']
[2.096s] Level 1:colcon.colcon_core.package_identification:_identify(myagv_description) by extension 'colcon_meta'
[2.096s] Level 1:colcon.colcon_core.package_identification:_identify(myagv_description) by extensions ['ros']
[2.096s] Level 1:colcon.colcon_core.package_identification:_identify(myagv_description) by extension 'ros'
[2.099s] DEBUG:colcon.colcon_core.package_identification:Package 'myagv_description' with type 'ros.ament_cmake' and name 'myagv_description'
[2.100s] Level 1:colcon.colcon_core.package_identification:_identify(myagv_joy) by extensions ['ignore', 'ignore_ament_install']
[2.100s] Level 1:colcon.colcon_core.package_identification:_identify(myagv_joy) by extension 'ignore'
[2.101s] Level 1:colcon.colcon_core.package_identification:_identify(myagv_joy) by extension 'ignore_ament_install'
[2.101s] Level 1:colcon.colcon_core.package_identification:_identify(myagv_joy) by extensions ['colcon_pkg']
[2.101s] Level 1:colcon.colcon_core.package_identification:_identify(myagv_joy) by extension 'colcon_pkg'
[2.102s] Level 1:colcon.colcon_core.package_identification:_identify(myagv_joy) by extensions ['colcon_meta']
[2.102s] Level 1:colcon.colcon_core.package_identification:_identify(myagv_joy) by extension 'colcon_meta'
[2.102s] Level 1:colcon.colcon_core.package_identification:_identify(myagv_joy) by extensions ['ros']
[2.102s] Level 1:colcon.colcon_core.package_identification:_identify(myagv_joy) by extension 'ros'
[2.106s] DEBUG:colcon.colcon_core.package_identification:Package 'myagv_joy' with type 'ros.ament_python' and name 'myagv_joy'
[2.107s] Level 1:colcon.colcon_core.package_identification:_identify(myagv_slam) by extensions ['ignore', 'ignore_ament_install']
[2.107s] Level 1:colcon.colcon_core.package_identification:_identify(myagv_slam) by extension 'ignore'
[2.107s] Level 1:colcon.colcon_core.package_identification:_identify(myagv_slam) by extension 'ignore_ament_install'
[2.108s] Level 1:colcon.colcon_core.package_identification:_identify(myagv_slam) by extensions ['colcon_pkg']
[2.108s] Level 1:colcon.colcon_core.package_identification:_identify(myagv_slam) by extension 'colcon_pkg'
[2.108s] Level 1:colcon.colcon_core.package_identification:_identify(myagv_slam) by extensions ['colcon_meta']
[2.108s] Level 1:colcon.colcon_core.package_identification:_identify(myagv_slam) by extension 'colcon_meta'
[2.109s] Level 1:colcon.colcon_core.package_identification:_identify(myagv_slam) by extensions ['ros']
[2.109s] Level 1:colcon.colcon_core.package_identification:_identify(myagv_slam) by extension 'ros'
[2.112s] DEBUG:colcon.colcon_core.package_identification:Package 'myagv_slam' with type 'ros.ament_python' and name 'myagv_slam'
[2.112s] Level 1:colcon.colcon_core.package_identification:_identify(sllidar_ros2) by extensions ['ignore', 'ignore_ament_install']
[2.113s] Level 1:colcon.colcon_core.package_identification:_identify(sllidar_ros2) by extension 'ignore'
[2.113s] Level 1:colcon.colcon_core.package_identification:_identify(sllidar_ros2) by extension 'ignore_ament_install'
[2.113s] Level 1:colcon.colcon_core.package_identification:_identify(sllidar_ros2) by extensions ['colcon_pkg']
[2.113s] Level 1:colcon.colcon_core.package_identification:_identify(sllidar_ros2) by extension 'colcon_pkg'
[2.113s] Level 1:colcon.colcon_core.package_identification:_identify(sllidar_ros2) by extensions ['colcon_meta']
[2.114s] Level 1:colcon.colcon_core.package_identification:_identify(sllidar_ros2) by extension 'colcon_meta'
[2.114s] Level 1:colcon.colcon_core.package_identification:_identify(sllidar_ros2) by extensions ['ros']
[2.114s] Level 1:colcon.colcon_core.package_identification:_identify(sllidar_ros2) by extension 'ros'
[2.118s] DEBUG:colcon.colcon_core.package_identification:Package 'sllidar_ros2' with type 'ros.ament_cmake' and name 'sllidar_ros2'
[2.118s] Level 1:colcon.colcon_core.package_discovery:discover_packages(recursive) using defaults
[2.118s] Level 1:colcon.colcon_core.package_discovery:discover_packages(ignore) discover
[2.118s] Level 1:colcon.colcon_core.package_discovery:discover_packages(ignore) using defaults
[2.118s] Level 1:colcon.colcon_core.package_discovery:discover_packages(path) discover
[2.118s] Level 1:colcon.colcon_core.package_discovery:discover_packages(path) using defaults
[2.226s] Level 1:colcon.colcon_core.package_discovery:discover_packages(prefix_path) check parameters
[2.226s] Level 1:colcon.colcon_core.package_discovery:discover_packages(prefix_path) discover
[2.240s] DEBUG:colcon.colcon_installed_package_information.package_discovery:Found 4 installed packages in /home/agv1/myagv_ws/install
[2.244s] DEBUG:colcon.colcon_installed_package_information.package_discovery:Found 6 installed packages in /home/agv1/agv1_ws/install
[2.248s] DEBUG:colcon.colcon_installed_package_information.package_discovery:Found 2 installed packages in /home/agv1/ros2_ws/install
[2.259s] DEBUG:colcon.colcon_installed_package_information.package_discovery:Found 320 installed packages in /opt/ros/humble
[2.272s] Level 1:colcon.colcon_core.package_discovery:discover_packages(prefix_path) using defaults
[2.524s] Level 5:colcon.colcon_core.verb:set package 'myagv_communication' build argument 'cmake_args' from command line to 'None'
[2.524s] Level 5:colcon.colcon_core.verb:set package 'myagv_communication' build argument 'cmake_target' from command line to 'None'
[2.525s] Level 5:colcon.colcon_core.verb:set package 'myagv_communication' build argument 'cmake_target_skip_unavailable' from command line to 'False'
[2.525s] Level 5:colcon.colcon_core.verb:set package 'myagv_communication' build argument 'cmake_clean_cache' from command line to 'False'
[2.525s] Level 5:colcon.colcon_core.verb:set package 'myagv_communication' build argument 'cmake_clean_first' from command line to 'False'
[2.525s] Level 5:colcon.colcon_core.verb:set package 'myagv_communication' build argument 'cmake_force_configure' from command line to 'False'
[2.525s] Level 5:colcon.colcon_core.verb:set package 'myagv_communication' build argument 'ament_cmake_args' from command line to 'None'
[2.525s] Level 5:colcon.colcon_core.verb:set package 'myagv_communication' build argument 'catkin_cmake_args' from command line to 'None'
[2.525s] Level 5:colcon.colcon_core.verb:set package 'myagv_communication' build argument 'catkin_skip_building_tests' from command line to 'False'
[2.526s] DEBUG:colcon.colcon_core.verb:Building package 'myagv_communication' with the following arguments: {'ament_cmake_args': None, 'build_base': '/home/agv1/myagv_ws/src/build/myagv_communication', 'catkin_cmake_args': None, 'catkin_skip_building_tests': False, 'cmake_args': None, 'cmake_clean_cache': False, 'cmake_clean_first': False, 'cmake_force_configure': False, 'cmake_target': None, 'cmake_target_skip_unavailable': False, 'install_base': '/home/agv1/myagv_ws/src/install/myagv_communication', 'merge_install': False, 'path': '/home/agv1/myagv_ws/src/myagv_communication', 'symlink_install': True, 'test_result_base': None}
[2.527s] Level 5:colcon.colcon_core.verb:set package 'myagv_description' build argument 'cmake_args' from command line to 'None'
[2.528s] Level 5:colcon.colcon_core.verb:set package 'myagv_description' build argument 'cmake_target' from command line to 'None'
[2.528s] Level 5:colcon.colcon_core.verb:set package 'myagv_description' build argument 'cmake_target_skip_unavailable' from command line to 'False'
[2.528s] Level 5:colcon.colcon_core.verb:set package 'myagv_description' build argument 'cmake_clean_cache' from command line to 'False'
[2.528s] Level 5:colcon.colcon_core.verb:set package 'myagv_description' build argument 'cmake_clean_first' from command line to 'False'
[2.528s] Level 5:colcon.colcon_core.verb:set package 'myagv_description' build argument 'cmake_force_configure' from command line to 'False'
[2.528s] Level 5:colcon.colcon_core.verb:set package 'myagv_description' build argument 'ament_cmake_args' from command line to 'None'
[2.528s] Level 5:colcon.colcon_core.verb:set package 'myagv_description' build argument 'catkin_cmake_args' from command line to 'None'
[2.528s] Level 5:colcon.colcon_core.verb:set package 'myagv_description' build argument 'catkin_skip_building_tests' from command line to 'False'
[2.529s] DEBUG:colcon.colcon_core.verb:Building package 'myagv_description' with the following arguments: {'ament_cmake_args': None, 'build_base': '/home/agv1/myagv_ws/src/build/myagv_description', 'catkin_cmake_args': None, 'catkin_skip_building_tests': False, 'cmake_args': None, 'cmake_clean_cache': False, 'cmake_clean_first': False, 'cmake_force_configure': False, 'cmake_target': None, 'cmake_target_skip_unavailable': False, 'install_base': '/home/agv1/myagv_ws/src/install/myagv_description', 'merge_install': False, 'path': '/home/agv1/myagv_ws/src/myagv_description', 'symlink_install': True, 'test_result_base': None}
[2.531s] Level 5:colcon.colcon_core.verb:set package 'myagv_joy' build argument 'cmake_args' from command line to 'None'
[2.531s] Level 5:colcon.colcon_core.verb:set package 'myagv_joy' build argument 'cmake_target' from command line to 'None'
[2.531s] Level 5:colcon.colcon_core.verb:set package 'myagv_joy' build argument 'cmake_target_skip_unavailable' from command line to 'False'
[2.531s] Level 5:colcon.colcon_core.verb:set package 'myagv_joy' build argument 'cmake_clean_cache' from command line to 'False'
[2.531s] Level 5:colcon.colcon_core.verb:set package 'myagv_joy' build argument 'cmake_clean_first' from command line to 'False'
[2.531s] Level 5:colcon.colcon_core.verb:set package 'myagv_joy' build argument 'cmake_force_configure' from command line to 'False'
[2.531s] Level 5:colcon.colcon_core.verb:set package 'myagv_joy' build argument 'ament_cmake_args' from command line to 'None'
[2.531s] Level 5:colcon.colcon_core.verb:set package 'myagv_joy' build argument 'catkin_cmake_args' from command line to 'None'
[2.532s] Level 5:colcon.colcon_core.verb:set package 'myagv_joy' build argument 'catkin_skip_building_tests' from command line to 'False'
[2.532s] DEBUG:colcon.colcon_core.verb:Building package 'myagv_joy' with the following arguments: {'ament_cmake_args': None, 'build_base': '/home/agv1/myagv_ws/src/build/myagv_joy', 'catkin_cmake_args': None, 'catkin_skip_building_tests': False, 'cmake_args': None, 'cmake_clean_cache': False, 'cmake_clean_first': False, 'cmake_force_configure': False, 'cmake_target': None, 'cmake_target_skip_unavailable': False, 'install_base': '/home/agv1/myagv_ws/src/install/myagv_joy', 'merge_install': False, 'path': '/home/agv1/myagv_ws/src/myagv_joy', 'symlink_install': True, 'test_result_base': None}
[2.534s] Level 5:colcon.colcon_core.verb:set package 'myagv_slam' build argument 'cmake_args' from command line to 'None'
[2.534s] Level 5:colcon.colcon_core.verb:set package 'myagv_slam' build argument 'cmake_target' from command line to 'None'
[2.534s] Level 5:colcon.colcon_core.verb:set package 'myagv_slam' build argument 'cmake_target_skip_unavailable' from command line to 'False'
[2.534s] Level 5:colcon.colcon_core.verb:set package 'myagv_slam' build argument 'cmake_clean_cache' from command line to 'False'
[2.534s] Level 5:colcon.colcon_core.verb:set package 'myagv_slam' build argument 'cmake_clean_first' from command line to 'False'
[2.534s] Level 5:colcon.colcon_core.verb:set package 'myagv_slam' build argument 'cmake_force_configure' from command line to 'False'
[2.535s] Level 5:colcon.colcon_core.verb:set package 'myagv_slam' build argument 'ament_cmake_args' from command line to 'None'
[2.535s] Level 5:colcon.colcon_core.verb:set package 'myagv_slam' build argument 'catkin_cmake_args' from command line to 'None'
[2.535s] Level 5:colcon.colcon_core.verb:set package 'myagv_slam' build argument 'catkin_skip_building_tests' from command line to 'False'
[2.535s] DEBUG:colcon.colcon_core.verb:Building package 'myagv_slam' with the following arguments: {'ament_cmake_args': None, 'build_base': '/home/agv1/myagv_ws/src/build/myagv_slam', 'catkin_cmake_args': None, 'catkin_skip_building_tests': False, 'cmake_args': None, 'cmake_clean_cache': False, 'cmake_clean_first': False, 'cmake_force_configure': False, 'cmake_target': None, 'cmake_target_skip_unavailable': False, 'install_base': '/home/agv1/myagv_ws/src/install/myagv_slam', 'merge_install': False, 'path': '/home/agv1/myagv_ws/src/myagv_slam', 'symlink_install': True, 'test_result_base': None}
[2.537s] Level 5:colcon.colcon_core.verb:set package 'sllidar_ros2' build argument 'cmake_args' from command line to 'None'
[2.537s] Level 5:colcon.colcon_core.verb:set package 'sllidar_ros2' build argument 'cmake_target' from command line to 'None'
[2.537s] Level 5:colcon.colcon_core.verb:set package 'sllidar_ros2' build argument 'cmake_target_skip_unavailable' from command line to 'False'
[2.537s] Level 5:colcon.colcon_core.verb:set package 'sllidar_ros2' build argument 'cmake_clean_cache' from command line to 'False'
[2.537s] Level 5:colcon.colcon_core.verb:set package 'sllidar_ros2' build argument 'cmake_clean_first' from command line to 'False'
[2.537s] Level 5:colcon.colcon_core.verb:set package 'sllidar_ros2' build argument 'cmake_force_configure' from command line to 'False'
[2.538s] Level 5:colcon.colcon_core.verb:set package 'sllidar_ros2' build argument 'ament_cmake_args' from command line to 'None'
[2.538s] Level 5:colcon.colcon_core.verb:set package 'sllidar_ros2' build argument 'catkin_cmake_args' from command line to 'None'
[2.538s] Level 5:colcon.colcon_core.verb:set package 'sllidar_ros2' build argument 'catkin_skip_building_tests' from command line to 'False'
[2.538s] DEBUG:colcon.colcon_core.verb:Building package 'sllidar_ros2' with the following arguments: {'ament_cmake_args': None, 'build_base': '/home/agv1/myagv_ws/src/build/sllidar_ros2', 'catkin_cmake_args': None, 'catkin_skip_building_tests': False, 'cmake_args': None, 'cmake_clean_cache': False, 'cmake_clean_first': False, 'cmake_force_configure': False, 'cmake_target': None, 'cmake_target_skip_unavailable': False, 'install_base': '/home/agv1/myagv_ws/src/install/sllidar_ros2', 'merge_install': False, 'path': '/home/agv1/myagv_ws/src/sllidar_ros2', 'symlink_install': True, 'test_result_base': None}
[2.539s] INFO:colcon.colcon_core.executor:Executing jobs using 'parallel' executor
[2.543s] DEBUG:colcon.colcon_parallel_executor.executor.parallel:run_until_complete
[2.544s] INFO:colcon.colcon_ros.task.ament_python.build:Building ROS package in '/home/agv1/myagv_ws/src/myagv_communication' with build type 'ament_python'
[2.545s] Level 1:colcon.colcon_core.shell:create_environment_hook('myagv_communication', 'ament_prefix_path')
[2.560s] INFO:colcon.colcon_core.plugin_system:Skipping extension 'colcon_core.shell.bat': Not used on non-Windows systems
[2.562s] INFO:colcon.colcon_core.shell:Creating environment hook '/home/agv1/myagv_ws/src/install/myagv_communication/share/myagv_communication/hook/ament_prefix_path.ps1'
[2.566s] INFO:colcon.colcon_core.shell:Creating environment descriptor '/home/agv1/myagv_ws/src/install/myagv_communication/share/myagv_communication/hook/ament_prefix_path.dsv'
[2.568s] INFO:colcon.colcon_core.shell:Creating environment hook '/home/agv1/myagv_ws/src/install/myagv_communication/share/myagv_communication/hook/ament_prefix_path.sh'
[2.572s] INFO:colcon.colcon_core.shell:Skip shell extension 'powershell' for command environment: Not usable outside of PowerShell
[2.572s] DEBUG:colcon.colcon_core.shell:Skip shell extension 'dsv' for command environment
[2.610s] INFO:colcon.colcon_ros.task.ament_cmake.build:Building ROS package in '/home/agv1/myagv_ws/src/myagv_description' with build type 'ament_cmake'
[2.611s] INFO:colcon.colcon_cmake.task.cmake.build:Building CMake package in '/home/agv1/myagv_ws/src/myagv_description'
[2.612s] INFO:colcon.colcon_core.shell:Skip shell extension 'powershell' for command environment: Not usable outside of PowerShell
[2.613s] DEBUG:colcon.colcon_core.shell:Skip shell extension 'dsv' for command environment
[2.661s] INFO:colcon.colcon_ros.task.ament_python.build:Building ROS package in '/home/agv1/myagv_ws/src/myagv_joy' with build type 'ament_python'
[2.663s] Level 1:colcon.colcon_core.shell:create_environment_hook('myagv_joy', 'ament_prefix_path')
[2.664s] INFO:colcon.colcon_core.shell:Creating environment hook '/home/agv1/myagv_ws/src/install/myagv_joy/share/myagv_joy/hook/ament_prefix_path.ps1'
[2.669s] INFO:colcon.colcon_core.shell:Creating environment descriptor '/home/agv1/myagv_ws/src/install/myagv_joy/share/myagv_joy/hook/ament_prefix_path.dsv'
[2.671s] INFO:colcon.colcon_core.shell:Creating environment hook '/home/agv1/myagv_ws/src/install/myagv_joy/share/myagv_joy/hook/ament_prefix_path.sh'
[2.674s] INFO:colcon.colcon_core.shell:Skip shell extension 'powershell' for command environment: Not usable outside of PowerShell
[2.674s] DEBUG:colcon.colcon_core.shell:Skip shell extension 'dsv' for command environment
[2.710s] INFO:colcon.colcon_ros.task.ament_python.build:Building ROS package in '/home/agv1/myagv_ws/src/myagv_slam' with build type 'ament_python'
[2.711s] Level 1:colcon.colcon_core.shell:create_environment_hook('myagv_slam', 'ament_prefix_path')
[2.712s] INFO:colcon.colcon_core.shell:Creating environment hook '/home/agv1/myagv_ws/src/install/myagv_slam/share/myagv_slam/hook/ament_prefix_path.ps1'
[2.719s] INFO:colcon.colcon_core.shell:Creating environment descriptor '/home/agv1/myagv_ws/src/install/myagv_slam/share/myagv_slam/hook/ament_prefix_path.dsv'
[2.726s] INFO:colcon.colcon_core.shell:Creating environment hook '/home/agv1/myagv_ws/src/install/myagv_slam/share/myagv_slam/hook/ament_prefix_path.sh'
[2.730s] INFO:colcon.colcon_core.shell:Skip shell extension 'powershell' for command environment: Not usable outside of PowerShell
[2.730s] DEBUG:colcon.colcon_core.shell:Skip shell extension 'dsv' for command environment
[4.981s] INFO:colcon.colcon_core.task.python.build:Building Python package in '/home/agv1/myagv_ws/src/myagv_communication'
[4.983s] INFO:colcon.colcon_core.shell:Skip shell extension 'powershell' for command environment: Not usable outside of PowerShell
[4.983s] DEBUG:colcon.colcon_core.shell:Skip shell extension 'dsv' for command environment
[5.048s] DEBUG:colcon.colcon_core.event_handler.log_command:Invoking command in '/home/agv1/myagv_ws/src/build/myagv_description': CMAKE_PREFIX_PATH=${CMAKE_PREFIX_PATH}:/home/agv1/myagv_ws/install/myagv_joy:/home/agv1/myagv_ws/install/myagv_communication:/home/agv1/ros2_ws/install/my_robot_controller:/home/agv1/agv1_ws/install/navigation2:/home/agv1/agv1_ws/install/agv_description:/home/agv1/agv1_ws/install/agv1_qrcode:/home/agv1/agv1_ws/install/agv1_navigation:/home/agv1/agv1_ws/install/agv1_QR:/opt/ros/humble /usr/bin/cmake /home/agv1/myagv_ws/src/myagv_description -DAMENT_CMAKE_SYMLINK_INSTALL=1 -DCMAKE_INSTALL_PREFIX=/home/agv1/myagv_ws/src/install/myagv_description
[7.779s] INFO:colcon.colcon_core.task.python.build:Building Python package in '/home/agv1/myagv_ws/src/myagv_joy'
[7.780s] INFO:colcon.colcon_core.shell:Skip shell extension 'powershell' for command environment: Not usable outside of PowerShell
[7.781s] DEBUG:colcon.colcon_core.shell:Skip shell extension 'dsv' for command environment
[9.823s] INFO:colcon.colcon_core.task.python.build:Building Python package in '/home/agv1/myagv_ws/src/myagv_slam'
[9.824s] INFO:colcon.colcon_core.shell:Skip shell extension 'powershell' for command environment: Not usable outside of PowerShell
[9.825s] DEBUG:colcon.colcon_core.shell:Skip shell extension 'dsv' for command environment
[12.839s] DEBUG:colcon.colcon_core.event_handler.log_command:Invoking command in '/home/agv1/myagv_ws/src/build/myagv_communication': PYTHONPATH=/home/agv1/myagv_ws/src/build/myagv_communication/prefix_override:/home/agv1/myagv_ws/src/install/myagv_communication/lib/python3.10/site-packages:${PYTHONPATH} /usr/bin/python3 -W ignore:setup.py install is deprecated setup.py develop --editable --build-directory /home/agv1/myagv_ws/src/build/myagv_communication/build --no-deps symlink_data
[14.036s] DEBUG:colcon.colcon_core.event_handler.log_command:Invoking command in '/home/agv1/myagv_ws/src/build/myagv_joy': PYTHONPATH=/home/agv1/myagv_ws/src/build/myagv_joy/prefix_override:/home/agv1/myagv_ws/src/install/myagv_joy/lib/python3.10/site-packages:${PYTHONPATH} /usr/bin/python3 -W ignore:setup.py install is deprecated setup.py develop --editable --build-directory /home/agv1/myagv_ws/src/build/myagv_joy/build --no-deps symlink_data
[14.652s] DEBUG:colcon.colcon_core.event_handler.log_command:Invoking command in '/home/agv1/myagv_ws/src/build/myagv_slam': PYTHONPATH=/home/agv1/myagv_ws/src/build/myagv_slam/prefix_override:/home/agv1/myagv_ws/src/install/myagv_slam/lib/python3.10/site-packages:${PYTHONPATH} /usr/bin/python3 -W ignore:setup.py install is deprecated setup.py develop --editable --build-directory /home/agv1/myagv_ws/src/build/myagv_slam/build --no-deps symlink_data
[16.019s] DEBUG:colcon.colcon_core.event_handler.log_command:Invoked command in '/home/agv1/myagv_ws/src/build/myagv_description' returned '0': CMAKE_PREFIX_PATH=${CMAKE_PREFIX_PATH}:/home/agv1/myagv_ws/install/myagv_joy:/home/agv1/myagv_ws/install/myagv_communication:/home/agv1/ros2_ws/install/my_robot_controller:/home/agv1/agv1_ws/install/navigation2:/home/agv1/agv1_ws/install/agv_description:/home/agv1/agv1_ws/install/agv1_qrcode:/home/agv1/agv1_ws/install/agv1_navigation:/home/agv1/agv1_ws/install/agv1_QR:/opt/ros/humble /usr/bin/cmake /home/agv1/myagv_ws/src/myagv_description -DAMENT_CMAKE_SYMLINK_INSTALL=1 -DCMAKE_INSTALL_PREFIX=/home/agv1/myagv_ws/src/install/myagv_description
[16.033s] DEBUG:colcon.colcon_core.event_handler.log_command:Invoking command in '/home/agv1/myagv_ws/src/build/myagv_description': CMAKE_PREFIX_PATH=${CMAKE_PREFIX_PATH}:/home/agv1/myagv_ws/install/myagv_joy:/home/agv1/myagv_ws/install/myagv_communication:/home/agv1/ros2_ws/install/my_robot_controller:/home/agv1/agv1_ws/install/navigation2:/home/agv1/agv1_ws/install/agv_description:/home/agv1/agv1_ws/install/agv1_qrcode:/home/agv1/agv1_ws/install/agv1_navigation:/home/agv1/agv1_ws/install/agv1_QR:/opt/ros/humble /usr/bin/cmake --build /home/agv1/myagv_ws/src/build/myagv_description -- -j4 -l4
[16.799s] DEBUG:colcon.colcon_core.event_handler.log_command:Invoked command in '/home/agv1/myagv_ws/src/build/myagv_description' returned '0': CMAKE_PREFIX_PATH=${CMAKE_PREFIX_PATH}:/home/agv1/myagv_ws/install/myagv_joy:/home/agv1/myagv_ws/install/myagv_communication:/home/agv1/ros2_ws/install/my_robot_controller:/home/agv1/agv1_ws/install/navigation2:/home/agv1/agv1_ws/install/agv_description:/home/agv1/agv1_ws/install/agv1_qrcode:/home/agv1/agv1_ws/install/agv1_navigation:/home/agv1/agv1_ws/install/agv1_QR:/opt/ros/humble /usr/bin/cmake --build /home/agv1/myagv_ws/src/build/myagv_description -- -j4 -l4
[17.095s] DEBUG:colcon.colcon_core.event_handler.log_command:Invoking command in '/home/agv1/myagv_ws/src/build/myagv_description': CMAKE_PREFIX_PATH=${CMAKE_PREFIX_PATH}:/home/agv1/myagv_ws/install/myagv_joy:/home/agv1/myagv_ws/install/myagv_communication:/home/agv1/ros2_ws/install/my_robot_controller:/home/agv1/agv1_ws/install/navigation2:/home/agv1/agv1_ws/install/agv_description:/home/agv1/agv1_ws/install/agv1_qrcode:/home/agv1/agv1_ws/install/agv1_navigation:/home/agv1/agv1_ws/install/agv1_QR:/opt/ros/humble /usr/bin/cmake --install /home/agv1/myagv_ws/src/build/myagv_description
[18.661s] Level 1:colcon.colcon_core.environment:create_environment_scripts_only(myagv_description)
[18.683s] DEBUG:colcon.colcon_core.event_handler.log_command:Invoked command in '/home/agv1/myagv_ws/src/build/myagv_description' returned '0': CMAKE_PREFIX_PATH=${CMAKE_PREFIX_PATH}:/home/agv1/myagv_ws/install/myagv_joy:/home/agv1/myagv_ws/install/myagv_communication:/home/agv1/ros2_ws/install/my_robot_controller:/home/agv1/agv1_ws/install/navigation2:/home/agv1/agv1_ws/install/agv_description:/home/agv1/agv1_ws/install/agv1_qrcode:/home/agv1/agv1_ws/install/agv1_navigation:/home/agv1/agv1_ws/install/agv1_QR:/opt/ros/humble /usr/bin/cmake --install /home/agv1/myagv_ws/src/build/myagv_description
[18.692s] Level 1:colcon.colcon_core.environment:checking '/home/agv1/myagv_ws/src/install/myagv_description' for CMake module files
[18.720s] Level 1:colcon.colcon_core.environment:checking '/home/agv1/myagv_ws/src/install/myagv_description' for CMake config files
[18.722s] Level 1:colcon.colcon_core.shell:create_environment_hook('myagv_description', 'cmake_prefix_path')
[18.723s] INFO:colcon.colcon_core.shell:Creating environment hook '/home/agv1/myagv_ws/src/install/myagv_description/share/myagv_description/hook/cmake_prefix_path.ps1'
[18.726s] INFO:colcon.colcon_core.shell:Creating environment descriptor '/home/agv1/myagv_ws/src/install/myagv_description/share/myagv_description/hook/cmake_prefix_path.dsv'
[18.728s] INFO:colcon.colcon_core.shell:Creating environment hook '/home/agv1/myagv_ws/src/install/myagv_description/share/myagv_description/hook/cmake_prefix_path.sh'
[18.742s] Level 1:colcon.colcon_core.environment:checking '/home/agv1/myagv_ws/src/install/myagv_description/bin'
[18.743s] Level 1:colcon.colcon_core.environment:checking '/home/agv1/myagv_ws/src/install/myagv_description/lib/pkgconfig/myagv_description.pc'
[18.744s] Level 1:colcon.colcon_core.environment:checking '/home/agv1/myagv_ws/src/install/myagv_description/lib/python3.10/site-packages'
[18.745s] Level 1:colcon.colcon_core.environment:checking '/home/agv1/myagv_ws/src/install/myagv_description/bin'
[18.747s] INFO:colcon.colcon_core.shell:Creating package script '/home/agv1/myagv_ws/src/install/myagv_description/share/myagv_description/package.ps1'
[18.772s] INFO:colcon.colcon_core.shell:Creating package descriptor '/home/agv1/myagv_ws/src/install/myagv_description/share/myagv_description/package.dsv'
[18.774s] INFO:colcon.colcon_core.shell:Creating package script '/home/agv1/myagv_ws/src/install/myagv_description/share/myagv_description/package.sh'
[18.792s] INFO:colcon.colcon_core.shell:Creating package script '/home/agv1/myagv_ws/src/install/myagv_description/share/myagv_description/package.bash'
[18.806s] INFO:colcon.colcon_core.shell:Creating package script '/home/agv1/myagv_ws/src/install/myagv_description/share/myagv_description/package.zsh'
[18.810s] Level 1:colcon.colcon_core.environment:create_file_with_runtime_dependencies(/home/agv1/myagv_ws/src/install/myagv_description/share/colcon-core/packages/myagv_description)
[19.283s] Level 1:colcon.colcon_core.environment:create_environment_scripts_only(myagv_description)
[19.285s] Level 1:colcon.colcon_core.environment:checking '/home/agv1/myagv_ws/src/install/myagv_description' for CMake module files
[19.307s] Level 1:colcon.colcon_core.environment:checking '/home/agv1/myagv_ws/src/install/myagv_description' for CMake config files
[19.310s] Level 1:colcon.colcon_core.shell:create_environment_hook('myagv_description', 'cmake_prefix_path')
[19.338s] INFO:colcon.colcon_core.shell:Creating environment hook '/home/agv1/myagv_ws/src/install/myagv_description/share/myagv_description/hook/cmake_prefix_path.ps1'
[19.341s] INFO:colcon.colcon_core.shell:Creating environment descriptor '/home/agv1/myagv_ws/src/install/myagv_description/share/myagv_description/hook/cmake_prefix_path.dsv'
[19.344s] INFO:colcon.colcon_core.shell:Creating environment hook '/home/agv1/myagv_ws/src/install/myagv_description/share/myagv_description/hook/cmake_prefix_path.sh'
[19.367s] Level 1:colcon.colcon_core.environment:checking '/home/agv1/myagv_ws/src/install/myagv_description/bin'
[19.368s] Level 1:colcon.colcon_core.environment:checking '/home/agv1/myagv_ws/src/install/myagv_description/lib/pkgconfig/myagv_description.pc'
[19.370s] Level 1:colcon.colcon_core.environment:checking '/home/agv1/myagv_ws/src/install/myagv_description/lib/python3.10/site-packages'
[19.372s] Level 1:colcon.colcon_core.environment:checking '/home/agv1/myagv_ws/src/install/myagv_description/bin'
[19.390s] INFO:colcon.colcon_core.shell:Creating package script '/home/agv1/myagv_ws/src/install/myagv_description/share/myagv_description/package.ps1'
[19.409s] INFO:colcon.colcon_core.shell:Creating package descriptor '/home/agv1/myagv_ws/src/install/myagv_description/share/myagv_description/package.dsv'
[19.417s] INFO:colcon.colcon_core.shell:Creating package script '/home/agv1/myagv_ws/src/install/myagv_description/share/myagv_description/package.sh'
[19.421s] INFO:colcon.colcon_core.shell:Creating package script '/home/agv1/myagv_ws/src/install/myagv_description/share/myagv_description/package.bash'
[19.442s] INFO:colcon.colcon_core.shell:Creating package script '/home/agv1/myagv_ws/src/install/myagv_description/share/myagv_description/package.zsh'
[19.447s] Level 1:colcon.colcon_core.environment:create_file_with_runtime_dependencies(/home/agv1/myagv_ws/src/install/myagv_description/share/colcon-core/packages/myagv_description)
[19.455s] INFO:colcon.colcon_ros.task.ament_cmake.build:Building ROS package in '/home/agv1/myagv_ws/src/sllidar_ros2' with build type 'ament_cmake'
[19.455s] INFO:colcon.colcon_cmake.task.cmake.build:Building CMake package in '/home/agv1/myagv_ws/src/sllidar_ros2'
[19.457s] INFO:colcon.colcon_core.shell:Skip shell extension 'powershell' for command environment: Not usable outside of PowerShell
[19.463s] DEBUG:colcon.colcon_core.shell:Skip shell extension 'dsv' for command environment
[19.668s] DEBUG:colcon.colcon_core.event_handler.log_command:Invoking command in '/home/agv1/myagv_ws/src/build/sllidar_ros2': CMAKE_PREFIX_PATH=${CMAKE_PREFIX_PATH}:/home/agv1/myagv_ws/install/myagv_joy:/home/agv1/myagv_ws/install/myagv_communication:/home/agv1/ros2_ws/install/my_robot_controller:/home/agv1/agv1_ws/install/navigation2:/home/agv1/agv1_ws/install/agv_description:/home/agv1/agv1_ws/install/agv1_qrcode:/home/agv1/agv1_ws/install/agv1_navigation:/home/agv1/agv1_ws/install/agv1_QR:/opt/ros/humble /usr/bin/cmake /home/agv1/myagv_ws/src/sllidar_ros2 -DAMENT_CMAKE_SYMLINK_INSTALL=1 -DCMAKE_INSTALL_PREFIX=/home/agv1/myagv_ws/src/install/sllidar_ros2
[19.678s] Level 1:colcon.colcon_core.shell:create_environment_hook('myagv_slam', 'pythonpath_develop')
[19.679s] INFO:colcon.colcon_core.shell:Creating environment hook '/home/agv1/myagv_ws/src/build/myagv_slam/share/myagv_slam/hook/pythonpath_develop.ps1'
[19.682s] INFO:colcon.colcon_core.shell:Creating environment descriptor '/home/agv1/myagv_ws/src/build/myagv_slam/share/myagv_slam/hook/pythonpath_develop.dsv'
[19.685s] INFO:colcon.colcon_core.shell:Creating environment hook '/home/agv1/myagv_ws/src/build/myagv_slam/share/myagv_slam/hook/pythonpath_develop.sh'
[19.687s] DEBUG:colcon.colcon_core.event_handler.log_command:Invoked command in '/home/agv1/myagv_ws/src/build/myagv_slam' returned '0': PYTHONPATH=/home/agv1/myagv_ws/src/build/myagv_slam/prefix_override:/home/agv1/myagv_ws/src/install/myagv_slam/lib/python3.10/site-packages:${PYTHONPATH} /usr/bin/python3 -W ignore:setup.py install is deprecated setup.py develop --editable --build-directory /home/agv1/myagv_ws/src/build/myagv_slam/build --no-deps symlink_data
[19.710s] Level 1:colcon.colcon_core.environment:checking '/home/agv1/myagv_ws/src/install/myagv_slam' for CMake module files
[19.716s] Level 1:colcon.colcon_core.environment:checking '/home/agv1/myagv_ws/src/install/myagv_slam' for CMake config files
[19.721s] Level 1:colcon.colcon_core.environment:checking '/home/agv1/myagv_ws/src/install/myagv_slam/lib'
[19.734s] Level 1:colcon.colcon_core.environment:checking '/home/agv1/myagv_ws/src/install/myagv_slam/bin'
[19.734s] Level 1:colcon.colcon_core.environment:checking '/home/agv1/myagv_ws/src/install/myagv_slam/lib/pkgconfig/myagv_slam.pc'
[19.736s] Level 1:colcon.colcon_core.environment:checking '/home/agv1/myagv_ws/src/install/myagv_slam/lib/python3.10/site-packages'
[19.736s] Level 1:colcon.colcon_core.shell:create_environment_hook('myagv_slam', 'pythonpath')
[19.738s] INFO:colcon.colcon_core.shell:Creating environment hook '/home/agv1/myagv_ws/src/install/myagv_slam/share/myagv_slam/hook/pythonpath.ps1'
[19.740s] INFO:colcon.colcon_core.shell:Creating environment descriptor '/home/agv1/myagv_ws/src/install/myagv_slam/share/myagv_slam/hook/pythonpath.dsv'
[19.743s] INFO:colcon.colcon_core.shell:Creating environment hook '/home/agv1/myagv_ws/src/install/myagv_slam/share/myagv_slam/hook/pythonpath.sh'
[19.754s] Level 1:colcon.colcon_core.environment:checking '/home/agv1/myagv_ws/src/install/myagv_slam/bin'
[19.754s] Level 1:colcon.colcon_core.environment:create_environment_scripts_only(myagv_slam)
[19.756s] INFO:colcon.colcon_core.shell:Creating package script '/home/agv1/myagv_ws/src/install/myagv_slam/share/myagv_slam/package.ps1'
[19.759s] INFO:colcon.colcon_core.shell:Creating package descriptor '/home/agv1/myagv_ws/src/install/myagv_slam/share/myagv_slam/package.dsv'
[19.767s] INFO:colcon.colcon_core.shell:Creating package script '/home/agv1/myagv_ws/src/install/myagv_slam/share/myagv_slam/package.sh'
[19.778s] INFO:colcon.colcon_core.shell:Creating package script '/home/agv1/myagv_ws/src/install/myagv_slam/share/myagv_slam/package.bash'
[19.780s] INFO:colcon.colcon_core.shell:Creating package script '/home/agv1/myagv_ws/src/install/myagv_slam/share/myagv_slam/package.zsh'
[19.782s] Level 1:colcon.colcon_core.environment:create_file_with_runtime_dependencies(/home/agv1/myagv_ws/src/install/myagv_slam/share/colcon-core/packages/myagv_slam)
[21.587s] Level 1:colcon.colcon_core.shell:create_environment_hook('myagv_communication', 'pythonpath_develop')
[21.590s] INFO:colcon.colcon_core.shell:Creating environment hook '/home/agv1/myagv_ws/src/build/myagv_communication/share/myagv_communication/hook/pythonpath_develop.ps1'
[21.589s] DEBUG:colcon.colcon_core.event_handler.log_command:Invoked command in '/home/agv1/myagv_ws/src/build/myagv_communication' returned '0': PYTHONPATH=/home/agv1/myagv_ws/src/build/myagv_communication/prefix_override:/home/agv1/myagv_ws/src/install/myagv_communication/lib/python3.10/site-packages:${PYTHONPATH} /usr/bin/python3 -W ignore:setup.py install is deprecated setup.py develop --editable --build-directory /home/agv1/myagv_ws/src/build/myagv_communication/build --no-deps symlink_data
[21.600s] INFO:colcon.colcon_core.shell:Creating environment descriptor '/home/agv1/myagv_ws/src/build/myagv_communication/share/myagv_communication/hook/pythonpath_develop.dsv'
[21.603s] INFO:colcon.colcon_core.shell:Creating environment hook '/home/agv1/myagv_ws/src/build/myagv_communication/share/myagv_communication/hook/pythonpath_develop.sh'
[21.617s] Level 1:colcon.colcon_core.environment:checking '/home/agv1/myagv_ws/src/install/myagv_communication' for CMake module files
[21.622s] Level 1:colcon.colcon_core.environment:checking '/home/agv1/myagv_ws/src/install/myagv_communication' for CMake config files
[21.627s] Level 1:colcon.colcon_core.environment:checking '/home/agv1/myagv_ws/src/install/myagv_communication/lib'
[21.628s] Level 1:colcon.colcon_core.environment:checking '/home/agv1/myagv_ws/src/install/myagv_communication/bin'
[21.629s] Level 1:colcon.colcon_core.environment:checking '/home/agv1/myagv_ws/src/install/myagv_communication/lib/pkgconfig/myagv_communication.pc'
[21.631s] Level 1:colcon.colcon_core.environment:checking '/home/agv1/myagv_ws/src/install/myagv_communication/lib/python3.10/site-packages'
[21.636s] Level 1:colcon.colcon_core.shell:create_environment_hook('myagv_communication', 'pythonpath')
[21.638s] INFO:colcon.colcon_core.shell:Creating environment hook '/home/agv1/myagv_ws/src/install/myagv_communication/share/myagv_communication/hook/pythonpath.ps1'
[21.649s] INFO:colcon.colcon_core.shell:Creating environment descriptor '/home/agv1/myagv_ws/src/install/myagv_communication/share/myagv_communication/hook/pythonpath.dsv'
[21.654s] INFO:colcon.colcon_core.shell:Creating environment hook '/home/agv1/myagv_ws/src/install/myagv_communication/share/myagv_communication/hook/pythonpath.sh'
[21.661s] Level 1:colcon.colcon_core.environment:checking '/home/agv1/myagv_ws/src/install/myagv_communication/bin'
[21.662s] Level 1:colcon.colcon_core.environment:create_environment_scripts_only(myagv_communication)
[21.665s] INFO:colcon.colcon_core.shell:Creating package script '/home/agv1/myagv_ws/src/install/myagv_communication/share/myagv_communication/package.ps1'
[21.671s] INFO:colcon.colcon_core.shell:Creating package descriptor '/home/agv1/myagv_ws/src/install/myagv_communication/share/myagv_communication/package.dsv'
[21.678s] INFO:colcon.colcon_core.shell:Creating package script '/home/agv1/myagv_ws/src/install/myagv_communication/share/myagv_communication/package.sh'
[21.681s] INFO:colcon.colcon_core.shell:Creating package script '/home/agv1/myagv_ws/src/install/myagv_communication/share/myagv_communication/package.bash'
[21.685s] INFO:colcon.colcon_core.shell:Creating package script '/home/agv1/myagv_ws/src/install/myagv_communication/share/myagv_communication/package.zsh'
[21.694s] Level 1:colcon.colcon_core.environment:create_file_with_runtime_dependencies(/home/agv1/myagv_ws/src/install/myagv_communication/share/colcon-core/packages/myagv_communication)
[22.220s] Level 1:colcon.colcon_core.shell:create_environment_hook('myagv_joy', 'pythonpath_develop')
[22.222s] INFO:colcon.colcon_core.shell:Creating environment hook '/home/agv1/myagv_ws/src/build/myagv_joy/share/myagv_joy/hook/pythonpath_develop.ps1'
[22.225s] INFO:colcon.colcon_core.shell:Creating environment descriptor '/home/agv1/myagv_ws/src/build/myagv_joy/share/myagv_joy/hook/pythonpath_develop.dsv'
[22.227s] DEBUG:colcon.colcon_core.event_handler.log_command:Invoked command in '/home/agv1/myagv_ws/src/build/myagv_joy' returned '0': PYTHONPATH=/home/agv1/myagv_ws/src/build/myagv_joy/prefix_override:/home/agv1/myagv_ws/src/install/myagv_joy/lib/python3.10/site-packages:${PYTHONPATH} /usr/bin/python3 -W ignore:setup.py install is deprecated setup.py develop --editable --build-directory /home/agv1/myagv_ws/src/build/myagv_joy/build --no-deps symlink_data
[22.232s] INFO:colcon.colcon_core.shell:Creating environment hook '/home/agv1/myagv_ws/src/build/myagv_joy/share/myagv_joy/hook/pythonpath_develop.sh'
[22.237s] Level 1:colcon.colcon_core.environment:checking '/home/agv1/myagv_ws/src/install/myagv_joy' for CMake module files
[22.239s] Level 1:colcon.colcon_core.environment:checking '/home/agv1/myagv_ws/src/install/myagv_joy' for CMake config files
[22.244s] Level 1:colcon.colcon_core.environment:checking '/home/agv1/myagv_ws/src/install/myagv_joy/lib'
[22.245s] Level 1:colcon.colcon_core.environment:checking '/home/agv1/myagv_ws/src/install/myagv_joy/bin'
[22.246s] Level 1:colcon.colcon_core.environment:checking '/home/agv1/myagv_ws/src/install/myagv_joy/lib/pkgconfig/myagv_joy.pc'
[22.247s] Level 1:colcon.colcon_core.environment:checking '/home/agv1/myagv_ws/src/install/myagv_joy/lib/python3.10/site-packages'
[22.248s] Level 1:colcon.colcon_core.shell:create_environment_hook('myagv_joy', 'pythonpath')
[22.250s] INFO:colcon.colcon_core.shell:Creating environment hook '/home/agv1/myagv_ws/src/install/myagv_joy/share/myagv_joy/hook/pythonpath.ps1'
[22.252s] INFO:colcon.colcon_core.shell:Creating environment descriptor '/home/agv1/myagv_ws/src/install/myagv_joy/share/myagv_joy/hook/pythonpath.dsv'
[22.255s] INFO:colcon.colcon_core.shell:Creating environment hook '/home/agv1/myagv_ws/src/install/myagv_joy/share/myagv_joy/hook/pythonpath.sh'
[22.269s] Level 1:colcon.colcon_core.environment:checking '/home/agv1/myagv_ws/src/install/myagv_joy/bin'
[22.272s] Level 1:colcon.colcon_core.environment:create_environment_scripts_only(myagv_joy)
[22.275s] INFO:colcon.colcon_core.shell:Creating package script '/home/agv1/myagv_ws/src/install/myagv_joy/share/myagv_joy/package.ps1'
[22.279s] INFO:colcon.colcon_core.shell:Creating package descriptor '/home/agv1/myagv_ws/src/install/myagv_joy/share/myagv_joy/package.dsv'
[22.282s] INFO:colcon.colcon_core.shell:Creating package script '/home/agv1/myagv_ws/src/install/myagv_joy/share/myagv_joy/package.sh'
[22.284s] INFO:colcon.colcon_core.shell:Creating package script '/home/agv1/myagv_ws/src/install/myagv_joy/share/myagv_joy/package.bash'
[22.287s] INFO:colcon.colcon_core.shell:Creating package script '/home/agv1/myagv_ws/src/install/myagv_joy/share/myagv_joy/package.zsh'
[22.289s] Level 1:colcon.colcon_core.environment:create_file_with_runtime_dependencies(/home/agv1/myagv_ws/src/install/myagv_joy/share/colcon-core/packages/myagv_joy)
[30.925s] DEBUG:colcon.colcon_core.event_handler.log_command:Invoked command in '/home/agv1/myagv_ws/src/build/sllidar_ros2' returned '0': CMAKE_PREFIX_PATH=${CMAKE_PREFIX_PATH}:/home/agv1/myagv_ws/install/myagv_joy:/home/agv1/myagv_ws/install/myagv_communication:/home/agv1/ros2_ws/install/my_robot_controller:/home/agv1/agv1_ws/install/navigation2:/home/agv1/agv1_ws/install/agv_description:/home/agv1/agv1_ws/install/agv1_qrcode:/home/agv1/agv1_ws/install/agv1_navigation:/home/agv1/agv1_ws/install/agv1_QR:/opt/ros/humble /usr/bin/cmake /home/agv1/myagv_ws/src/sllidar_ros2 -DAMENT_CMAKE_SYMLINK_INSTALL=1 -DCMAKE_INSTALL_PREFIX=/home/agv1/myagv_ws/src/install/sllidar_ros2
[30.928s] DEBUG:colcon.colcon_core.event_handler.log_command:Invoking command in '/home/agv1/myagv_ws/src/build/sllidar_ros2': CMAKE_PREFIX_PATH=${CMAKE_PREFIX_PATH}:/home/agv1/myagv_ws/install/myagv_joy:/home/agv1/myagv_ws/install/myagv_communication:/home/agv1/ros2_ws/install/my_robot_controller:/home/agv1/agv1_ws/install/navigation2:/home/agv1/agv1_ws/install/agv_description:/home/agv1/agv1_ws/install/agv1_qrcode:/home/agv1/agv1_ws/install/agv1_navigation:/home/agv1/agv1_ws/install/agv1_QR:/opt/ros/humble /usr/bin/cmake --build /home/agv1/myagv_ws/src/build/sllidar_ros2 -- -j4 -l4
[99.667s] DEBUG:colcon.colcon_core.event_handler.log_command:Invoked command in '/home/agv1/myagv_ws/src/build/sllidar_ros2' returned '0': CMAKE_PREFIX_PATH=${CMAKE_PREFIX_PATH}:/home/agv1/myagv_ws/install/myagv_joy:/home/agv1/myagv_ws/install/myagv_communication:/home/agv1/ros2_ws/install/my_robot_controller:/home/agv1/agv1_ws/install/navigation2:/home/agv1/agv1_ws/install/agv_description:/home/agv1/agv1_ws/install/agv1_qrcode:/home/agv1/agv1_ws/install/agv1_navigation:/home/agv1/agv1_ws/install/agv1_QR:/opt/ros/humble /usr/bin/cmake --build /home/agv1/myagv_ws/src/build/sllidar_ros2 -- -j4 -l4
[100.110s] DEBUG:colcon.colcon_core.event_handler.log_command:Invoking command in '/home/agv1/myagv_ws/src/build/sllidar_ros2': CMAKE_PREFIX_PATH=${CMAKE_PREFIX_PATH}:/home/agv1/myagv_ws/install/myagv_joy:/home/agv1/myagv_ws/install/myagv_communication:/home/agv1/ros2_ws/install/my_robot_controller:/home/agv1/agv1_ws/install/navigation2:/home/agv1/agv1_ws/install/agv_description:/home/agv1/agv1_ws/install/agv1_qrcode:/home/agv1/agv1_ws/install/agv1_navigation:/home/agv1/agv1_ws/install/agv1_QR:/opt/ros/humble /usr/bin/cmake --install /home/agv1/myagv_ws/src/build/sllidar_ros2
[101.749s] Level 1:colcon.colcon_core.environment:create_environment_scripts_only(sllidar_ros2)
[101.750s] Level 1:colcon.colcon_core.environment:checking '/home/agv1/myagv_ws/src/install/sllidar_ros2' for CMake module files
[101.752s] DEBUG:colcon.colcon_core.event_handler.log_command:Invoked command in '/home/agv1/myagv_ws/src/build/sllidar_ros2' returned '0': CMAKE_PREFIX_PATH=${CMAKE_PREFIX_PATH}:/home/agv1/myagv_ws/install/myagv_joy:/home/agv1/myagv_ws/install/myagv_communication:/home/agv1/ros2_ws/install/my_robot_controller:/home/agv1/agv1_ws/install/navigation2:/home/agv1/agv1_ws/install/agv_description:/home/agv1/agv1_ws/install/agv1_qrcode:/home/agv1/agv1_ws/install/agv1_navigation:/home/agv1/agv1_ws/install/agv1_QR:/opt/ros/humble /usr/bin/cmake --install /home/agv1/myagv_ws/src/build/sllidar_ros2
[101.754s] Level 1:colcon.colcon_core.environment:checking '/home/agv1/myagv_ws/src/install/sllidar_ros2' for CMake config files
[101.756s] Level 1:colcon.colcon_core.shell:create_environment_hook('sllidar_ros2', 'cmake_prefix_path')
[101.758s] INFO:colcon.colcon_core.shell:Creating environment hook '/home/agv1/myagv_ws/src/install/sllidar_ros2/share/sllidar_ros2/hook/cmake_prefix_path.ps1'
[101.761s] INFO:colcon.colcon_core.shell:Creating environment descriptor '/home/agv1/myagv_ws/src/install/sllidar_ros2/share/sllidar_ros2/hook/cmake_prefix_path.dsv'
[101.765s] INFO:colcon.colcon_core.shell:Creating environment hook '/home/agv1/myagv_ws/src/install/sllidar_ros2/share/sllidar_ros2/hook/cmake_prefix_path.sh'
[101.769s] Level 1:colcon.colcon_core.environment:checking '/home/agv1/myagv_ws/src/install/sllidar_ros2/lib'
[101.769s] Level 1:colcon.colcon_core.environment:checking '/home/agv1/myagv_ws/src/install/sllidar_ros2/bin'
[101.770s] Level 1:colcon.colcon_core.environment:checking '/home/agv1/myagv_ws/src/install/sllidar_ros2/lib/pkgconfig/sllidar_ros2.pc'
[101.770s] Level 1:colcon.colcon_core.environment:checking '/home/agv1/myagv_ws/src/install/sllidar_ros2/lib/python3.10/site-packages'
[101.771s] Level 1:colcon.colcon_core.environment:checking '/home/agv1/myagv_ws/src/install/sllidar_ros2/bin'
[101.773s] INFO:colcon.colcon_core.shell:Creating package script '/home/agv1/myagv_ws/src/install/sllidar_ros2/share/sllidar_ros2/package.ps1'
[101.775s] INFO:colcon.colcon_core.shell:Creating package descriptor '/home/agv1/myagv_ws/src/install/sllidar_ros2/share/sllidar_ros2/package.dsv'
[101.777s] INFO:colcon.colcon_core.shell:Creating package script '/home/agv1/myagv_ws/src/install/sllidar_ros2/share/sllidar_ros2/package.sh'
[101.778s] INFO:colcon.colcon_core.shell:Creating package script '/home/agv1/myagv_ws/src/install/sllidar_ros2/share/sllidar_ros2/package.bash'
[101.780s] INFO:colcon.colcon_core.shell:Creating package script '/home/agv1/myagv_ws/src/install/sllidar_ros2/share/sllidar_ros2/package.zsh'
[101.782s] Level 1:colcon.colcon_core.environment:create_file_with_runtime_dependencies(/home/agv1/myagv_ws/src/install/sllidar_ros2/share/colcon-core/packages/sllidar_ros2)
[102.211s] Level 1:colcon.colcon_core.environment:create_environment_scripts_only(sllidar_ros2)
[102.213s] Level 1:colcon.colcon_core.environment:checking '/home/agv1/myagv_ws/src/install/sllidar_ros2' for CMake module files
[102.218s] Level 1:colcon.colcon_core.environment:checking '/home/agv1/myagv_ws/src/install/sllidar_ros2' for CMake config files
[102.220s] Level 1:colcon.colcon_core.shell:create_environment_hook('sllidar_ros2', 'cmake_prefix_path')
[102.221s] INFO:colcon.colcon_core.shell:Creating environment hook '/home/agv1/myagv_ws/src/install/sllidar_ros2/share/sllidar_ros2/hook/cmake_prefix_path.ps1'
[102.224s] INFO:colcon.colcon_core.shell:Creating environment descriptor '/home/agv1/myagv_ws/src/install/sllidar_ros2/share/sllidar_ros2/hook/cmake_prefix_path.dsv'
[102.226s] INFO:colcon.colcon_core.shell:Creating environment hook '/home/agv1/myagv_ws/src/install/sllidar_ros2/share/sllidar_ros2/hook/cmake_prefix_path.sh'
[102.229s] Level 1:colcon.colcon_core.environment:checking '/home/agv1/myagv_ws/src/install/sllidar_ros2/lib'
[102.229s] Level 1:colcon.colcon_core.environment:checking '/home/agv1/myagv_ws/src/install/sllidar_ros2/bin'
[102.230s] Level 1:colcon.colcon_core.environment:checking '/home/agv1/myagv_ws/src/install/sllidar_ros2/lib/pkgconfig/sllidar_ros2.pc'
[102.231s] Level 1:colcon.colcon_core.environment:checking '/home/agv1/myagv_ws/src/install/sllidar_ros2/lib/python3.10/site-packages'
[102.231s] Level 1:colcon.colcon_core.environment:checking '/home/agv1/myagv_ws/src/install/sllidar_ros2/bin'
[102.233s] INFO:colcon.colcon_core.shell:Creating package script '/home/agv1/myagv_ws/src/install/sllidar_ros2/share/sllidar_ros2/package.ps1'
[102.236s] INFO:colcon.colcon_core.shell:Creating package descriptor '/home/agv1/myagv_ws/src/install/sllidar_ros2/share/sllidar_ros2/package.dsv'
[102.238s] INFO:colcon.colcon_core.shell:Creating package script '/home/agv1/myagv_ws/src/install/sllidar_ros2/share/sllidar_ros2/package.sh'
[102.241s] INFO:colcon.colcon_core.shell:Creating package script '/home/agv1/myagv_ws/src/install/sllidar_ros2/share/sllidar_ros2/package.bash'
[102.243s] INFO:colcon.colcon_core.shell:Creating package script '/home/agv1/myagv_ws/src/install/sllidar_ros2/share/sllidar_ros2/package.zsh'
[102.245s] Level 1:colcon.colcon_core.environment:create_file_with_runtime_dependencies(/home/agv1/myagv_ws/src/install/sllidar_ros2/share/colcon-core/packages/sllidar_ros2)
[102.247s] DEBUG:colcon.colcon_parallel_executor.executor.parallel:closing loop
[102.249s] DEBUG:colcon.colcon_parallel_executor.executor.parallel:loop closed
[102.250s] DEBUG:colcon.colcon_parallel_executor.executor.parallel:run_until_complete finished with '0'
[102.250s] DEBUG:colcon.colcon_core.event_reactor:joining thread
[102.309s] INFO:colcon.colcon_core.plugin_system:Skipping extension 'colcon_notification.desktop_notification.terminal_notifier': Not used on non-Darwin systems
[102.309s] INFO:colcon.colcon_core.plugin_system:Skipping extension 'colcon_notification.desktop_notification.win32': Not used on non-Windows systems
[102.309s] INFO:colcon.colcon_notification.desktop_notification:Sending desktop notification using 'notify2'
[102.374s] DEBUG:colcon.colcon_core.event_reactor:joined thread
[102.376s] INFO:colcon.colcon_core.shell:Creating prefix script '/home/agv1/myagv_ws/src/install/local_setup.ps1'
[102.380s] INFO:colcon.colcon_core.shell:Creating prefix util module '/home/agv1/myagv_ws/src/install/_local_setup_util_ps1.py'
[102.388s] INFO:colcon.colcon_core.shell:Creating prefix chain script '/home/agv1/myagv_ws/src/install/setup.ps1'
[102.398s] INFO:colcon.colcon_core.shell:Creating prefix script '/home/agv1/myagv_ws/src/install/local_setup.sh'
[102.400s] INFO:colcon.colcon_core.shell:Creating prefix util module '/home/agv1/myagv_ws/src/install/_local_setup_util_sh.py'
[102.402s] INFO:colcon.colcon_core.shell:Creating prefix chain script '/home/agv1/myagv_ws/src/install/setup.sh'
[102.410s] INFO:colcon.colcon_core.shell:Creating prefix script '/home/agv1/myagv_ws/src/install/local_setup.bash'
[102.412s] INFO:colcon.colcon_core.shell:Creating prefix chain script '/home/agv1/myagv_ws/src/install/setup.bash'
[102.421s] INFO:colcon.colcon_core.shell:Creating prefix script '/home/agv1/myagv_ws/src/install/local_setup.zsh'
[102.424s] INFO:colcon.colcon_core.shell:Creating prefix chain script '/home/agv1/myagv_ws/src/install/setup.zsh'
