running develop
running egg_info
creating myagv_slam.egg-info
writing myagv_slam.egg-info/PKG-INFO
writing dependency_links to myagv_slam.egg-info/dependency_links.txt
writing entry points to myagv_slam.egg-info/entry_points.txt
writing requirements to myagv_slam.egg-info/requires.txt
writing top-level names to myagv_slam.egg-info/top_level.txt
writing manifest file 'myagv_slam.egg-info/SOURCES.txt'
reading manifest file 'myagv_slam.egg-info/SOURCES.txt'
writing manifest file 'myagv_slam.egg-info/SOURCES.txt'
running build_ext
Creating /home/agv1/myagv_ws/src/install/myagv_slam/lib/python3.10/site-packages/myagv-slam.egg-link (link to .)

Installed /home/agv1/myagv_ws/src/build/myagv_slam
running symlink_data
creating /home/agv1/myagv_ws/src/install/myagv_slam/share/ament_index
creating /home/agv1/myagv_ws/src/install/myagv_slam/share/ament_index/resource_index
creating /home/agv1/myagv_ws/src/install/myagv_slam/share/ament_index/resource_index/packages
symbolically linking /home/agv1/myagv_ws/src/build/myagv_slam/resource/myagv_slam -> /home/agv1/myagv_ws/src/install/myagv_slam/share/ament_index/resource_index/packages
symbolically linking /home/agv1/myagv_ws/src/build/myagv_slam/package.xml -> /home/agv1/myagv_ws/src/install/myagv_slam/share/myagv_slam
