[11.940s] Invoking command in '/home/agv1/myagv_ws/src/build/myagv_slam': PYTHONPATH=/home/agv1/myagv_ws/src/build/myagv_slam/prefix_override:/home/agv1/myagv_ws/src/install/myagv_slam/lib/python3.10/site-packages:${PYTHONPATH} /usr/bin/python3 -W ignore:setup.py install is deprecated setup.py develop --editable --build-directory /home/agv1/myagv_ws/src/build/myagv_slam/build --no-deps symlink_data
[14.717s] running develop
[16.411s] running egg_info
[16.412s] creating myagv_slam.egg-info
[16.412s] writing myagv_slam.egg-info/PKG-INFO
[16.413s] writing dependency_links to myagv_slam.egg-info/dependency_links.txt
[16.414s] writing entry points to myagv_slam.egg-info/entry_points.txt
[16.414s] writing requirements to myagv_slam.egg-info/requires.txt
[16.416s] writing top-level names to myagv_slam.egg-info/top_level.txt
[16.416s] writing manifest file 'myagv_slam.egg-info/SOURCES.txt'
[16.432s] reading manifest file 'myagv_slam.egg-info/SOURCES.txt'
[16.435s] writing manifest file 'myagv_slam.egg-info/SOURCES.txt'
[16.457s] running build_ext
[16.459s] Creating /home/agv1/myagv_ws/src/install/myagv_slam/lib/python3.10/site-packages/myagv-slam.egg-link (link to .)
[16.490s] 
[16.490s] Installed /home/agv1/myagv_ws/src/build/myagv_slam
[16.491s] running symlink_data
[16.492s] creating /home/agv1/myagv_ws/src/install/myagv_slam/share/ament_index
[16.503s] creating /home/agv1/myagv_ws/src/install/myagv_slam/share/ament_index/resource_index
[16.504s] creating /home/agv1/myagv_ws/src/install/myagv_slam/share/ament_index/resource_index/packages
[16.505s] symbolically linking /home/agv1/myagv_ws/src/build/myagv_slam/resource/myagv_slam -> /home/agv1/myagv_ws/src/install/myagv_slam/share/ament_index/resource_index/packages
[16.516s] symbolically linking /home/agv1/myagv_ws/src/build/myagv_slam/package.xml -> /home/agv1/myagv_ws/src/install/myagv_slam/share/myagv_slam
[16.976s] Invoked command in '/home/agv1/myagv_ws/src/build/myagv_slam' returned '0': PYTHONPATH=/home/agv1/myagv_ws/src/build/myagv_slam/prefix_override:/home/agv1/myagv_ws/src/install/myagv_slam/lib/python3.10/site-packages:${PYTHONPATH} /usr/bin/python3 -W ignore:setup.py install is deprecated setup.py develop --editable --build-directory /home/agv1/myagv_ws/src/build/myagv_slam/build --no-deps symlink_data
