[11.373s] Invoking command in '/home/agv1/myagv_ws/src/build/myagv_joy': PYTHONPATH=/home/agv1/myagv_ws/src/build/myagv_joy/prefix_override:/home/agv1/myagv_ws/src/install/myagv_joy/lib/python3.10/site-packages:${PYTHONPATH} /usr/bin/python3 -W ignore:setup.py install is deprecated setup.py develop --editable --build-directory /home/agv1/myagv_ws/src/build/myagv_joy/build --no-deps symlink_data
[16.923s] running develop
[19.287s] running egg_info
[19.295s] creating myagv_joy.egg-info
[19.296s] writing myagv_joy.egg-info/PKG-INFO
[19.296s] writing dependency_links to myagv_joy.egg-info/dependency_links.txt
[19.297s] writing entry points to myagv_joy.egg-info/entry_points.txt
[19.297s] writing requirements to myagv_joy.egg-info/requires.txt
[19.298s] writing top-level names to myagv_joy.egg-info/top_level.txt
[19.298s] writing manifest file 'myagv_joy.egg-info/SOURCES.txt'
[19.313s] reading manifest file 'myagv_joy.egg-info/SOURCES.txt'
[19.314s] writing manifest file 'myagv_joy.egg-info/SOURCES.txt'
[19.323s] running build_ext
[19.324s] Creating /home/agv1/myagv_ws/src/install/myagv_joy/lib/python3.10/site-packages/myagv-joy.egg-link (link to .)
[19.335s] 
[19.337s] Installed /home/agv1/myagv_ws/src/build/myagv_joy
[19.340s] running symlink_data
[19.341s] creating /home/agv1/myagv_ws/src/install/myagv_joy/share/ament_index
[19.343s] creating /home/agv1/myagv_ws/src/install/myagv_joy/share/ament_index/resource_index
[19.344s] creating /home/agv1/myagv_ws/src/install/myagv_joy/share/ament_index/resource_index/packages
[19.345s] symbolically linking /home/agv1/myagv_ws/src/build/myagv_joy/resource/myagv_joy -> /home/agv1/myagv_ws/src/install/myagv_joy/share/ament_index/resource_index/packages
[19.347s] symbolically linking /home/agv1/myagv_ws/src/build/myagv_joy/package.xml -> /home/agv1/myagv_ws/src/install/myagv_joy/share/myagv_joy
[19.360s] creating /home/agv1/myagv_ws/src/install/myagv_joy/share/myagv_joy/launch
[19.363s] symbolically linking /home/agv1/myagv_ws/src/build/myagv_joy/launch/myagv_joy.launch.py -> /home/agv1/myagv_ws/src/install/myagv_joy/share/myagv_joy/launch
[19.565s] Invoked command in '/home/agv1/myagv_ws/src/build/myagv_joy' returned '0': PYTHONPATH=/home/agv1/myagv_ws/src/build/myagv_joy/prefix_override:/home/agv1/myagv_ws/src/install/myagv_joy/lib/python3.10/site-packages:${PYTHONPATH} /usr/bin/python3 -W ignore:setup.py install is deprecated setup.py develop --editable --build-directory /home/agv1/myagv_ws/src/build/myagv_joy/build --no-deps symlink_data
